<?xml version="1.0" encoding="UTF-8"?>
<!-- Generated by org.testng.reporters.JUnitReportReporter -->
<testsuite skipped="0" hostname="khushi_Aashi" name="com.demoaut.newtours.MavenDemo.validate_Login" tests="1" failures="0" timestamp="23 Feb 2018 16:49:32 GMT" time="3.297" errors="0">
  <testcase name="validateLogin" time="3.297" classname="com.demoaut.newtours.MavenDemo.validate_Login"/>
</testsuite> <!-- com.demoaut.newtours.MavenDemo.validate_Login -->
